2026-06-01 21:08:26 | INFO     | cli | CLI invoked | symbol=BTCUSDT side=BUY type=MARKET qty=0.01
2026-06-01 21:08:26 | DEBUG    | binance_client | BinanceClient initialised. Base URL: https://testnet.binancefuture.com
2026-06-01 21:08:26 | INFO     | binance_client | Placing order | symbol=BTCUSDT side=BUY type=MARKET qty=0.01 price=None
2026-06-01 21:08:26 | DEBUG    | binance_client | REQUEST  POST /fapi/v1/order | params={'symbol': 'BTCUSDT', 'side': 'BUY', 'type': 'MARKET', 'quantity': 0.01, 'timestamp': 1780328306607, 'signature': '039c3fc1feb5cdca8ec0767772ac11499ce897b79808ac68eade34abc38a2501'}
2026-06-01 21:08:27 | DEBUG    | binance_client | RESPONSE 401 | body={"code":-2014,"msg":"API-key format invalid."}
2026-06-01 21:08:27 | ERROR    | binance_client | API error: {'code': -2014, 'msg': 'API-key format invalid.'}
2026-06-01 21:08:27 | ERROR    | orders | Binance API error while placing order: Binance API Error -2014: API-key format invalid.
2026-06-01 21:50:23 | INFO     | cli | CLI invoked | symbol=BTCUSDT side=BUY type=MARKET qty=0.01
2026-06-01 21:50:23 | DEBUG    | binance_client | BinanceClient initialised. Base URL: https://testnet.binancefuture.com
2026-06-01 21:50:23 | INFO     | binance_client | Placing order | symbol=BTCUSDT side=BUY type=MARKET qty=0.01 price=None
2026-06-01 21:50:23 | DEBUG    | binance_client | REQUEST  POST /fapi/v1/order | params={'symbol': 'BTCUSDT', 'side': 'BUY', 'type': 'MARKET', 'quantity': 0.01, 'timestamp': 1780330823955, 'signature': '0c3fdabda27a095231ce1aea69fac705f39ee8ea3df32df7c4118791e62db701'}
2026-06-01 21:50:24 | DEBUG    | binance_client | RESPONSE 200 | body={"orderId":13711267069,"symbol":"BTCUSDT","status":"NEW","clientOrderId":"cv1MV6S5lkp2SZ2sd2WqGc","price":"0.00","avgPrice":"0.00","origQty":"0.0100","executedQty":"0.0000","cumQty":"0.0000","cumQuote":"0.000000","timeInForce":"GTC","type":"MARKET","reduceOnly":false,"closePosition":false,"side":"BUY","positionSide":"BOTH","stopPrice":"0.00","workingType":"CONTRACT_PRICE","priceProtect":false,"origType":"MARKET","priceMatch":"NONE","selfTradePreventionMode":"EXPIRE_MAKER","goodTillDate":0,"updat
2026-06-01 21:50:24 | INFO     | binance_client | Order placed successfully | orderId=13711267069 status=NEW
2026-06-01 21:50:24 | INFO     | orders | Order result: {'orderId': 13711267069, 'symbol': 'BTCUSDT', 'status': 'NEW', 'clientOrderId': 'cv1MV6S5lkp2SZ2sd2WqGc', 'price': '0.00', 'avgPrice': '0.00', 'origQty': '0.0100', 'executedQty': '0.0000', 'cumQty': '0.0000', 'cumQuote': '0.000000', 'timeInForce': 'GTC', 'type': 'MARKET', 'reduceOnly': False, 'closePosition': False, 'side': 'BUY', 'positionSide': 'BOTH', 'stopPrice': '0.00', 'workingType': 'CONTRACT_PRICE', 'priceProtect': False, 'origType': 'MARKET', 'priceMatch': 'NONE', 'selfTradePreventionMode': 'EXPIRE_MAKER', 'goodTillDate': 0, 'updateTime': 1780330824684}
2026-06-01 21:57:12 | INFO     | cli | CLI invoked | symbol=BTCUSDT side=BUY type=LIMIT qty=0.01
2026-06-01 21:57:12 | DEBUG    | binance_client | BinanceClient initialised. Base URL: https://testnet.binancefuture.com
2026-06-01 21:57:12 | INFO     | binance_client | Placing order | symbol=BTCUSDT side=BUY type=LIMIT qty=0.01 price=68000.0
2026-06-01 21:57:12 | DEBUG    | binance_client | REQUEST  POST /fapi/v1/order | params={'symbol': 'BTCUSDT', 'side': 'BUY', 'type': 'LIMIT', 'quantity': 0.01, 'price': 68000.0, 'timeInForce': 'GTC', 'timestamp': 1780331232634, 'signature': '11bc063d4d8671269c3e1513dbef2d148edbf4ce8712f21b8eaf72f9316f0aff'}
2026-06-01 21:57:13 | DEBUG    | binance_client | RESPONSE 200 | body={"orderId":13711738296,"symbol":"BTCUSDT","status":"NEW","clientOrderId":"Ub786s0qmT0qYpGZFyQxYU","price":"68000.00","avgPrice":"0.00","origQty":"0.0100","executedQty":"0.0000","cumQty":"0.0000","cumQuote":"0.000000","timeInForce":"GTC","type":"LIMIT","reduceOnly":false,"closePosition":false,"side":"BUY","positionSide":"BOTH","stopPrice":"0.00","workingType":"CONTRACT_PRICE","priceProtect":false,"origType":"LIMIT","priceMatch":"NONE","selfTradePreventionMode":"EXPIRE_MAKER","goodTillDate":0,"upd
2026-06-01 21:57:13 | INFO     | binance_client | Order placed successfully | orderId=13711738296 status=NEW
2026-06-01 21:57:13 | INFO     | orders | Order result: {'orderId': 13711738296, 'symbol': 'BTCUSDT', 'status': 'NEW', 'clientOrderId': 'Ub786s0qmT0qYpGZFyQxYU', 'price': '68000.00', 'avgPrice': '0.00', 'origQty': '0.0100', 'executedQty': '0.0000', 'cumQty': '0.0000', 'cumQuote': '0.000000', 'timeInForce': 'GTC', 'type': 'LIMIT', 'reduceOnly': False, 'closePosition': False, 'side': 'BUY', 'positionSide': 'BOTH', 'stopPrice': '0.00', 'workingType': 'CONTRACT_PRICE', 'priceProtect': False, 'origType': 'LIMIT', 'priceMatch': 'NONE', 'selfTradePreventionMode': 'EXPIRE_MAKER', 'goodTillDate': 0, 'updateTime': 1780331233131}
